c:\cygwin64\home\eronj\children-of-ase\childrenofosi\childrenofosi\release\childrenofosi.pch
c:\cygwin64\home\eronj\children-of-ase\childrenofosi\childrenofosi\release\vc140.pdb
c:\cygwin64\home\eronj\children-of-ase\childrenofosi\childrenofosi\release\stdafx.obj
c:\cygwin64\home\eronj\children-of-ase\childrenofosi\childrenofosi\release\dialoguegui.obj
c:\cygwin64\home\eronj\children-of-ase\childrenofosi\childrenofosi\release\dialoguecontroller.obj
c:\cygwin64\home\eronj\children-of-ase\childrenofosi\childrenofosi\release\dialogueconfig.obj
c:\cygwin64\home\eronj\children-of-ase\childrenofosi\childrenofosi\release\conversationpoint.obj
c:\cygwin64\home\eronj\children-of-ase\childrenofosi\childrenofosi\release\containers.obj
c:\cygwin64\home\eronj\children-of-ase\childrenofosi\childrenofosi\release\conditions.obj
c:\cygwin64\home\eronj\children-of-ase\childrenofosi\childrenofosi\release\combatcontroller.obj
c:\cygwin64\home\eronj\children-of-ase\childrenofosi\childrenofosi\release\childrenofosi.obj
c:\cygwin64\home\eronj\children-of-ase\childrenofosi\childrenofosi\release\checkclass.obj
c:\cygwin64\home\eronj\children-of-ase\childrenofosi\childrenofosi\release\audiotestsuite.obj
c:\cygwin64\home\eronj\children-of-ase\childrenofosi\childrenofosi\release\audiomanager.obj
c:\cygwin64\home\eronj\children-of-ase\childrenofosi\childrenofosi\release\alliance.obj
c:\cygwin64\home\eronj\children-of-ase\childrenofosi\childrenofosi\release\aimanager.obj
c:\cygwin64\home\eronj\children-of-ase\childrenofosi\childrenofosi\release\aihelper.obj
c:\cygwin64\home\eronj\children-of-ase\childrenofosi\childrenofosi\release\aicontroller.obj
c:\cygwin64\home\eronj\children-of-ase\childrenofosi\childrenofosi\release\actionpool.obj
c:\cygwin64\home\eronj\children-of-ase\childrenofosi\childrenofosi\release\actionhelper.obj
c:\cygwin64\home\eronj\children-of-ase\childrenofosi\childrenofosi\release\actionexecfunctions.obj
c:\cygwin64\home\eronj\children-of-ase\childrenofosi\childrenofosi\release\actionconfig.obj
c:\cygwin64\home\eronj\children-of-ase\childrenofosi\childrenofosi\release\action.obj
c:\cygwin64\home\eronj\children-of-ase\childrenofosi\childrenofosi\release\livingobj.obj
c:\cygwin64\home\eronj\children-of-ase\childrenofosi\childrenofosi\release\jsoncpp.obj
c:\cygwin64\home\eronj\children-of-ase\childrenofosi\childrenofosi\release\input.obj
c:\cygwin64\home\eronj\children-of-ase\childrenofosi\childrenofosi\release\hero.obj
c:\cygwin64\home\eronj\children-of-ase\childrenofosi\childrenofosi\release\planner.obj
c:\cygwin64\home\eronj\children-of-ase\childrenofosi\childrenofosi\release\personality.obj
c:\cygwin64\home\eronj\children-of-ase\childrenofosi\childrenofosi\release\line.obj
c:\cygwin64\home\eronj\children-of-ase\childrenofosi\childrenofosi\release\gamewindow.obj
c:\cygwin64\home\eronj\children-of-ase\childrenofosi\childrenofosi\release\gamemap.obj
c:\cygwin64\home\eronj\children-of-ase\childrenofosi\childrenofosi\release\village.obj
c:\cygwin64\home\eronj\children-of-ase\childrenofosi\childrenofosi\release\threadmanager.obj
c:\cygwin64\home\eronj\children-of-ase\childrenofosi\childrenofosi\release\tagconfig.obj
c:\cygwin64\home\eronj\children-of-ase\childrenofosi\childrenofosi\release\tag.obj
c:\cygwin64\home\eronj\children-of-ase\childrenofosi\childrenofosi\release\region.obj
c:\cygwin64\home\eronj\children-of-ase\childrenofosi\childrenofosi\release\partymanager.obj
c:\cygwin64\home\eronj\children-of-ase\childrenofosi\childrenofosi\release\party.obj
c:\cygwin64\home\eronj\children-of-ase\childrenofosi\childrenofosi\release\hud.obj
c:\cygwin64\home\eronj\children-of-ase\childrenofosi\childrenofosi\release\dummycontroller.obj
c:\cygwin64\home\eronj\children-of-ase\childrenofosi\childrenofosi\release\dialougetestsuite.obj
c:\cygwin64\home\eronj\children-of-ase\childrenofosi\childrenofosi\release\dialoguehelper.obj
c:\cygwin64\home\eronj\children-of-ase\childrenofosi\childrenofosi\release\rendermanager.obj
c:\cygwin64\home\eronj\children-of-ase\childrenofosi\childrenofosi\release\renderhelper.obj
c:\cygwin64\home\eronj\children-of-ase\childrenofosi\childrenofosi\release\quadtree.obj
c:\cygwin64\home\eronj\children-of-ase\childrenofosi\childrenofosi\release\point.obj
c:\cygwin64\home\eronj\children-of-ase\childrenofosi\childrenofosi\release\attack.obj
c:\cygwin64\home\eronj\children-of-ase\childrenofosi\childrenofosi\release\memorypool.obj
c:\cygwin64\home\eronj\children-of-ase\childrenofosi\childrenofosi\release\player.obj
c:\cygwin64\home\eronj\children-of-ase\childrenofosi\childrenofosi\release\physicstestsuite.obj
c:\cygwin64\home\eronj\children-of-ase\childrenofosi\childrenofosi\release\physicsmanager.obj
c:\cygwin64\home\eronj\children-of-ase\childrenofosi\childrenofosi\release\objconfig.obj
c:\cygwin64\home\eronj\children-of-ase\childrenofosi\childrenofosi\release\npc.obj
c:\cygwin64\home\eronj\children-of-ase\childrenofosi\childrenofosi\release\movement.obj
c:\cygwin64\home\eronj\children-of-ase\childrenofosi\childrenofosi\release\messagelog.obj
c:\cygwin64\home\eronj\children-of-ase\childrenofosi\childrenofosi\release\memorytestsuite.obj
c:\cygwin64\home\eronj\children-of-ase\childrenofosi\childrenofosi\release\memoryhelper.obj
c:\cygwin64\home\eronj\children-of-ase\childrenofosi\childrenofosi\release\memory.obj
c:\cygwin64\home\eronj\children-of-ase\childrenofosi\childrenofosi\release\memnode.obj
c:\cygwin64\home\eronj\children-of-ase\childrenofosi\childrenofosi\release\memmanager.obj
c:\cygwin64\home\eronj\children-of-ase\childrenofosi\childrenofosi\release\manager.obj
c:\cygwin64\home\eronj\children-of-ase\childrenofosi\childrenofosi\release\main.obj
c:\cygwin64\home\eronj\children-of-ase\childrenofosi\childrenofosi\release\wrapper.obj
c:\cygwin64\home\eronj\children-of-ase\childrenofosi\childrenofosi\release\worldobj.obj
c:\cygwin64\home\eronj\children-of-ase\childrenofosi\childrenofosi\release\war.obj
c:\cygwin64\home\eronj\children-of-ase\childrenofosi\childrenofosi\release\vector2f.obj
c:\cygwin64\home\eronj\children-of-ase\childrenofosi\childrenofosi\release\texture.obj
c:\cygwin64\home\eronj\children-of-ase\childrenofosi\childrenofosi\release\textobj.obj
c:\cygwin64\home\eronj\children-of-ase\childrenofosi\childrenofosi\release\testmanager.obj
c:\cygwin64\home\eronj\children-of-ase\childrenofosi\childrenofosi\release\taskbuffer.obj
c:\cygwin64\home\eronj\children-of-ase\childrenofosi\childrenofosi\release\task.obj
c:\cygwin64\home\eronj\children-of-ase\childrenofosi\childrenofosi\release\sprite.obj
c:\cygwin64\home\eronj\children-of-ase\childrenofosi\childrenofosi\release\splsoldier.obj
c:\cygwin64\home\eronj\children-of-ase\childrenofosi\childrenofosi\release\taskbuffertestsuite.obj
c:\cygwin64\home\eronj\children-of-ase\childrenofosi\childrenofosi\release\relationship.obj
c:\cygwin64\home\eronj\children-of-ase\childrenofosi\childrenofosi\release\soundsystem.obj
c:\cygwin64\home\eronj\children-of-ase\childrenofosi\childrenofosi\release\soldier.obj
c:\cygwin64\home\eronj\children-of-ase\childrenofosi\childrenofosi\release\riverobj.obj
c:\cygwin64\home\eronj\children-of-ase\childrenofosi\release\childrenofosi.exe
c:\cygwin64\home\eronj\children-of-ase\childrenofosi\release\childrenofosi.ipdb
c:\cygwin64\home\eronj\children-of-ase\childrenofosi\release\childrenofosi.iobj
c:\cygwin64\home\eronj\children-of-ase\childrenofosi\release\childrenofosi.pdb
c:\cygwin64\home\eronj\children-of-ase\childrenofosi\childrenofosi\release\childrenofosi1.res
c:\cygwin64\home\eronj\children-of-ase\childrenofosi\childrenofosi\release\factions.obj
c:\cygwin64\home\eronj\children-of-ase\childrenofosi\childrenofosi\release\childrenofosi.tlog\cl.command.1.tlog
c:\cygwin64\home\eronj\children-of-ase\childrenofosi\childrenofosi\release\childrenofosi.tlog\cl.read.1.tlog
c:\cygwin64\home\eronj\children-of-ase\childrenofosi\childrenofosi\release\childrenofosi.tlog\cl.write.1.tlog
c:\cygwin64\home\eronj\children-of-ase\childrenofosi\childrenofosi\release\childrenofosi.tlog\link.command.1.tlog
c:\cygwin64\home\eronj\children-of-ase\childrenofosi\childrenofosi\release\childrenofosi.tlog\link.read.1.tlog
c:\cygwin64\home\eronj\children-of-ase\childrenofosi\childrenofosi\release\childrenofosi.tlog\link.write.1.tlog
c:\cygwin64\home\eronj\children-of-ase\childrenofosi\childrenofosi\release\childrenofosi.tlog\rc.command.1.tlog
c:\cygwin64\home\eronj\children-of-ase\childrenofosi\childrenofosi\release\childrenofosi.tlog\rc.read.1.tlog
c:\cygwin64\home\eronj\children-of-ase\childrenofosi\childrenofosi\release\childrenofosi.tlog\rc.write.1.tlog
