  GameWindow.cpp
  Generating Code...
  Compiling...
  WorldObj.cpp
  Generating Code...
GameWindow.obj : error LNK2019: unresolved external symbol glewInit referenced in function "private: static void __cdecl osi::GameWindow::setupWindow(void)" (?setupWindow@GameWindow@osi@@CAXXZ)
GameWindow.obj : error LNK2019: unresolved external symbol glfwInit referenced in function "private: static void __cdecl osi::GameWindow::setupWindow(void)" (?setupWindow@GameWindow@osi@@CAXXZ)
GameWindow.obj : error LNK2019: unresolved external symbol glfwTerminate referenced in function "private: static void __cdecl osi::GameWindow::setupWindow(void)" (?setupWindow@GameWindow@osi@@CAXXZ)
GameWindow.obj : error LNK2019: unresolved external symbol glfwWindowHint referenced in function "private: static void __cdecl osi::GameWindow::setupWindow(void)" (?setupWindow@GameWindow@osi@@CAXXZ)
GameWindow.obj : error LNK2019: unresolved external symbol glfwCreateWindow referenced in function "private: static void __cdecl osi::GameWindow::setupWindow(void)" (?setupWindow@GameWindow@osi@@CAXXZ)
GameWindow.obj : error LNK2019: unresolved external symbol glfwGetFramebufferSize referenced in function "private: static void __cdecl osi::GameWindow::setupWindow(void)" (?setupWindow@GameWindow@osi@@CAXXZ)
GameWindow.obj : error LNK2019: unresolved external symbol glfwMakeContextCurrent referenced in function "private: static void __cdecl osi::GameWindow::setupWindow(void)" (?setupWindow@GameWindow@osi@@CAXXZ)
GameWindow.obj : error LNK2019: unresolved external symbol SOIL_load_image referenced in function "public: static void __cdecl osi::GameWindow::drawSprite(int,int,int,int,class std::basic_string<char,struct std::char_traits<char>,class std::allocator<char> > const &)" (?drawSprite@GameWindow@osi@@SAXHHHHAEBV?$basic_string@DU?$char_traits@D@std@@V?$allocator@D@2@@std@@@Z)
GameWindow.obj : error LNK2019: unresolved external symbol SOIL_free_image_data referenced in function "public: static void __cdecl osi::GameWindow::drawSprite(int,int,int,int,class std::basic_string<char,struct std::char_traits<char>,class std::allocator<char> > const &)" (?drawSprite@GameWindow@osi@@SAXHHHHAEBV?$basic_string@DU?$char_traits@D@std@@V?$allocator@D@2@@std@@@Z)
GameWindow.obj : error LNK2001: unresolved external symbol __glewBindBuffer
GameWindow.obj : error LNK2001: unresolved external symbol __glewBufferData
GameWindow.obj : error LNK2001: unresolved external symbol __glewDeleteBuffers
GameWindow.obj : error LNK2001: unresolved external symbol __glewGenBuffers
GameWindow.obj : error LNK2001: unresolved external symbol __glewAttachShader
GameWindow.obj : error LNK2001: unresolved external symbol __glewCompileShader
GameWindow.obj : error LNK2001: unresolved external symbol __glewCreateProgram
GameWindow.obj : error LNK2001: unresolved external symbol __glewCreateShader
GameWindow.obj : error LNK2001: unresolved external symbol __glewDeleteShader
GameWindow.obj : error LNK2001: unresolved external symbol __glewEnableVertexAttribArray
GameWindow.obj : error LNK2001: unresolved external symbol __glewGetProgramInfoLog
GameWindow.obj : error LNK2001: unresolved external symbol __glewGetProgramiv
GameWindow.obj : error LNK2001: unresolved external symbol __glewGetShaderInfoLog
GameWindow.obj : error LNK2001: unresolved external symbol __glewGetShaderiv
GameWindow.obj : error LNK2001: unresolved external symbol __glewLinkProgram
GameWindow.obj : error LNK2001: unresolved external symbol __glewShaderSource
GameWindow.obj : error LNK2001: unresolved external symbol __glewVertexAttribPointer
GameWindow.obj : error LNK2001: unresolved external symbol __glewGenerateMipmap
GameWindow.obj : error LNK2001: unresolved external symbol __glewBindVertexArray
GameWindow.obj : error LNK2001: unresolved external symbol __glewDeleteVertexArrays
GameWindow.obj : error LNK2001: unresolved external symbol __glewGenVertexArrays
GameWindow.obj : error LNK2001: unresolved external symbol glewExperimental
C:\Users\acalb\Desktop\ChildrenOsi\Children-of-Osi\ChildrenOfOsi\\External Dependencies\OpenGL\GLEW\lib\glew32s.lib : warning LNK4272: library machine type 'X86' conflicts with target machine type 'x64'
C:\Users\acalb\Desktop\ChildrenOsi\Children-of-Osi\ChildrenOfOsi\\External Dependencies\OpenGL\GLFW\lib\glfw3.lib : warning LNK4272: library machine type 'X86' conflicts with target machine type 'x64'
C:\Users\acalb\Desktop\ChildrenOsi\Children-of-Osi\ChildrenOfOsi\\External Dependencies\OpenGL\SOIL\lib\SOIL.lib : warning LNK4272: library machine type 'X86' conflicts with target machine type 'x64'
C:\Users\acalb\Desktop\ChildrenOsi\Children-of-Osi\ChildrenOfOsi\x64\Debug\ChildrenOfOsi.exe : fatal error LNK1120: 31 unresolved externals
