The system is: CYGWIN - 2.8.0(0.309/5/3) - x86_64
Compiling the C compiler identification source file "CMakeCCompilerId.c" succeeded.
Compiler: /usr/bin/cc 
Build flags: 
Id flags: 

The output was:
0


Compilation of the C compiler identification source "CMakeCCompilerId.c" produced "a.exe"

The C compiler identification is GNU, found in "/home/anpbarr/jsoncpp-master/build/debug/CMakeFiles/3.6.2/CompilerIdC/a.exe"

Determining if the C compiler works passed with the following output:
Change Dir: /home/anpbarr/jsoncpp-master/build/debug/CMakeFiles/CMakeTmp

Run Build Command:"/usr/bin/make.exe" "cmTC_a098e/fast"
/usr/bin/make -f CMakeFiles/cmTC_a098e.dir/build.make CMakeFiles/cmTC_a098e.dir/build
make[1]: Entering directory '/home/anpbarr/jsoncpp-master/build/debug/CMakeFiles/CMakeTmp'
Building C object CMakeFiles/cmTC_a098e.dir/testCCompiler.c.o
/usr/bin/cc     -o CMakeFiles/cmTC_a098e.dir/testCCompiler.c.o   -c /home/anpbarr/jsoncpp-master/build/debug/CMakeFiles/CMakeTmp/testCCompiler.c
Linking C executable cmTC_a098e.exe
/usr/bin/cmake.exe -E cmake_link_script CMakeFiles/cmTC_a098e.dir/link.txt --verbose=1
/usr/bin/cc     -Wl,--enable-auto-import  CMakeFiles/cmTC_a098e.dir/testCCompiler.c.o  -o cmTC_a098e.exe -Wl,--out-implib,libcmTC_a098e.dll.a -Wl,--major-image-version,0,--minor-image-version,0  
make[1]: Leaving directory '/home/anpbarr/jsoncpp-master/build/debug/CMakeFiles/CMakeTmp'


Detecting C compiler ABI info compiled with the following output:
Change Dir: /home/anpbarr/jsoncpp-master/build/debug/CMakeFiles/CMakeTmp

Run Build Command:"/usr/bin/make.exe" "cmTC_4d56c/fast"
/usr/bin/make -f CMakeFiles/cmTC_4d56c.dir/build.make CMakeFiles/cmTC_4d56c.dir/build
make[1]: Entering directory '/home/anpbarr/jsoncpp-master/build/debug/CMakeFiles/CMakeTmp'
Building C object CMakeFiles/cmTC_4d56c.dir/CMakeCCompilerABI.c.o
/usr/bin/cc     -o CMakeFiles/cmTC_4d56c.dir/CMakeCCompilerABI.c.o   -c /usr/share/cmake-3.6.2/Modules/CMakeCCompilerABI.c
Linking C executable cmTC_4d56c.exe
/usr/bin/cmake.exe -E cmake_link_script CMakeFiles/cmTC_4d56c.dir/link.txt --verbose=1
/usr/bin/cc     -Wl,--enable-auto-import -v CMakeFiles/cmTC_4d56c.dir/CMakeCCompilerABI.c.o  -o cmTC_4d56c.exe -Wl,--out-implib,libcmTC_4d56c.dll.a -Wl,--major-image-version,0,--minor-image-version,0   
Using built-in specs.
COLLECT_GCC=/usr/bin/cc
COLLECT_LTO_WRAPPER=/usr/lib/gcc/x86_64-pc-cygwin/5.4.0/lto-wrapper.exe
Target: x86_64-pc-cygwin
Configured with: /cygdrive/i/szsz/tmpp/gcc/gcc-5.4.0-1.x86_64/src/gcc-5.4.0/configure --srcdir=/cygdrive/i/szsz/tmpp/gcc/gcc-5.4.0-1.x86_64/src/gcc-5.4.0 --prefix=/usr --exec-prefix=/usr --localstatedir=/var --sysconfdir=/etc --docdir=/usr/share/doc/gcc --htmldir=/usr/share/doc/gcc/html -C --build=x86_64-pc-cygwin --host=x86_64-pc-cygwin --target=x86_64-pc-cygwin --without-libiconv-prefix --without-libintl-prefix --libexecdir=/usr/lib --enable-shared --enable-shared-libgcc --enable-static --enable-version-specific-runtime-libs --enable-bootstrap --enable-__cxa_atexit --with-dwarf2 --with-tune=generic --enable-languages=ada,c,c++,fortran,lto,objc,obj-c++ --enable-graphite --enable-threads=posix --enable-libatomic --enable-libcilkrts --enable-libgomp --enable-libitm --enable-libquadmath --enable-libquadmath-support --enable-libssp --enable-libada --enable-libgcj-sublibs --disable-java-awt --disable-symvers --with-ecj-jar=/usr/share/java/ecj.jar --with-gnu-ld --with-gnu-as --with-cloog-include=/usr/include/cloog-isl --without-libiconv-prefix --without-libintl-prefix --with-system-zlib --enable-linker-build-id --with-default-libstdcxx-abi=gcc4-compatible
Thread model: posix
gcc version 5.4.0 (GCC) 
COMPILER_PATH=/usr/lib/gcc/x86_64-pc-cygwin/5.4.0/:/usr/lib/gcc/x86_64-pc-cygwin/5.4.0/:/usr/lib/gcc/x86_64-pc-cygwin/:/usr/lib/gcc/x86_64-pc-cygwin/5.4.0/:/usr/lib/gcc/x86_64-pc-cygwin/:/usr/lib/gcc/x86_64-pc-cygwin/5.4.0/../../../../x86_64-pc-cygwin/bin/
LIBRARY_PATH=/usr/lib/gcc/x86_64-pc-cygwin/5.4.0/:/usr/lib/gcc/x86_64-pc-cygwin/5.4.0/../../../../x86_64-pc-cygwin/lib/../lib/:/usr/lib/gcc/x86_64-pc-cygwin/5.4.0/../../../../lib/:/lib/../lib/:/usr/lib/../lib/:/usr/lib/gcc/x86_64-pc-cygwin/5.4.0/../../../../x86_64-pc-cygwin/lib/:/usr/lib/gcc/x86_64-pc-cygwin/5.4.0/../../../:/lib/:/usr/lib/
COLLECT_GCC_OPTIONS='-v' '-o' 'cmTC_4d56c.exe' '-mtune=generic' '-march=x86-64'
 /usr/lib/gcc/x86_64-pc-cygwin/5.4.0/collect2.exe -plugin /usr/lib/gcc/x86_64-pc-cygwin/5.4.0/cyglto_plugin.dll -plugin-opt=/usr/lib/gcc/x86_64-pc-cygwin/5.4.0/lto-wrapper.exe -plugin-opt=-fresolution=/tmp/cciwxKmz.res -plugin-opt=-pass-through=-lgcc_s -plugin-opt=-pass-through=-lgcc -plugin-opt=-pass-through=-lcygwin -plugin-opt=-pass-through=-ladvapi32 -plugin-opt=-pass-through=-lshell32 -plugin-opt=-pass-through=-luser32 -plugin-opt=-pass-through=-lkernel32 -plugin-opt=-pass-through=-lgcc_s -plugin-opt=-pass-through=-lgcc --build-id -m i386pep --wrap _Znwm --wrap _Znam --wrap _ZdlPv --wrap _ZdaPv --wrap _ZnwmRKSt9nothrow_t --wrap _ZnamRKSt9nothrow_t --wrap _ZdlPvRKSt9nothrow_t --wrap _ZdaPvRKSt9nothrow_t -Bdynamic --dll-search-prefix=cyg --tsaware -o cmTC_4d56c.exe /usr/lib/gcc/x86_64-pc-cygwin/5.4.0/../../../../lib/crt0.o /usr/lib/gcc/x86_64-pc-cygwin/5.4.0/crtbegin.o -L/usr/lib/gcc/x86_64-pc-cygwin/5.4.0 -L/usr/lib/gcc/x86_64-pc-cygwin/5.4.0/../../../../x86_64-pc-cygwin/lib/../lib -L/usr/lib/gcc/x86_64-pc-cygwin/5.4.0/../../../../lib -L/lib/../lib -L/usr/lib/../lib -L/usr/lib/gcc/x86_64-pc-cygwin/5.4.0/../../../../x86_64-pc-cygwin/lib -L/usr/lib/gcc/x86_64-pc-cygwin/5.4.0/../../.. --enable-auto-import CMakeFiles/cmTC_4d56c.dir/CMakeCCompilerABI.c.o --out-implib libcmTC_4d56c.dll.a --major-image-version 0 --minor-image-version 0 -lgcc_s -lgcc -lcygwin -ladvapi32 -lshell32 -luser32 -lkernel32 -lgcc_s -lgcc /usr/lib/gcc/x86_64-pc-cygwin/5.4.0/../../../../lib/default-manifest.o /usr/lib/gcc/x86_64-pc-cygwin/5.4.0/crtend.o
make[1]: Leaving directory '/home/anpbarr/jsoncpp-master/build/debug/CMakeFiles/CMakeTmp'


Parsed C implicit link information from above output:
  link line regex: [^( *|.*[/\])(ld\.exe|([^/\]+-)?ld|collect2)[^/\]*( |$)]
  ignore line: [Change Dir: /home/anpbarr/jsoncpp-master/build/debug/CMakeFiles/CMakeTmp]
  ignore line: []
  ignore line: [Run Build Command:"/usr/bin/make.exe" "cmTC_4d56c/fast"]
  ignore line: [/usr/bin/make -f CMakeFiles/cmTC_4d56c.dir/build.make CMakeFiles/cmTC_4d56c.dir/build]
  ignore line: [make[1]: Entering directory '/home/anpbarr/jsoncpp-master/build/debug/CMakeFiles/CMakeTmp']
  ignore line: [Building C object CMakeFiles/cmTC_4d56c.dir/CMakeCCompilerABI.c.o]
  ignore line: [/usr/bin/cc     -o CMakeFiles/cmTC_4d56c.dir/CMakeCCompilerABI.c.o   -c /usr/share/cmake-3.6.2/Modules/CMakeCCompilerABI.c]
  ignore line: [Linking C executable cmTC_4d56c.exe]
  ignore line: [/usr/bin/cmake.exe -E cmake_link_script CMakeFiles/cmTC_4d56c.dir/link.txt --verbose=1]
  ignore line: [/usr/bin/cc     -Wl,--enable-auto-import -v CMakeFiles/cmTC_4d56c.dir/CMakeCCompilerABI.c.o  -o cmTC_4d56c.exe -Wl,--out-implib,libcmTC_4d56c.dll.a -Wl,--major-image-version,0,--minor-image-version,0   ]
  ignore line: [Using built-in specs.]
  ignore line: [COLLECT_GCC=/usr/bin/cc]
  ignore line: [COLLECT_LTO_WRAPPER=/usr/lib/gcc/x86_64-pc-cygwin/5.4.0/lto-wrapper.exe]
  ignore line: [Target: x86_64-pc-cygwin]
  ignore line: [Configured with: /cygdrive/i/szsz/tmpp/gcc/gcc-5.4.0-1.x86_64/src/gcc-5.4.0/configure --srcdir=/cygdrive/i/szsz/tmpp/gcc/gcc-5.4.0-1.x86_64/src/gcc-5.4.0 --prefix=/usr --exec-prefix=/usr --localstatedir=/var --sysconfdir=/etc --docdir=/usr/share/doc/gcc --htmldir=/usr/share/doc/gcc/html -C --build=x86_64-pc-cygwin --host=x86_64-pc-cygwin --target=x86_64-pc-cygwin --without-libiconv-prefix --without-libintl-prefix --libexecdir=/usr/lib --enable-shared --enable-shared-libgcc --enable-static --enable-version-specific-runtime-libs --enable-bootstrap --enable-__cxa_atexit --with-dwarf2 --with-tune=generic --enable-languages=ada,c,c++,fortran,lto,objc,obj-c++ --enable-graphite --enable-threads=posix --enable-libatomic --enable-libcilkrts --enable-libgomp --enable-libitm --enable-libquadmath --enable-libquadmath-support --enable-libssp --enable-libada --enable-libgcj-sublibs --disable-java-awt --disable-symvers --with-ecj-jar=/usr/share/java/ecj.jar --with-gnu-ld --with-gnu-as --with-cloog-include=/usr/include/cloog-isl --without-libiconv-prefix --without-libintl-prefix --with-system-zlib --enable-linker-build-id --with-default-libstdcxx-abi=gcc4-compatible]
  ignore line: [Thread model: posix]
  ignore line: [gcc version 5.4.0 (GCC) ]
  ignore line: [COMPILER_PATH=/usr/lib/gcc/x86_64-pc-cygwin/5.4.0/:/usr/lib/gcc/x86_64-pc-cygwin/5.4.0/:/usr/lib/gcc/x86_64-pc-cygwin/:/usr/lib/gcc/x86_64-pc-cygwin/5.4.0/:/usr/lib/gcc/x86_64-pc-cygwin/:/usr/lib/gcc/x86_64-pc-cygwin/5.4.0/../../../../x86_64-pc-cygwin/bin/]
  ignore line: [LIBRARY_PATH=/usr/lib/gcc/x86_64-pc-cygwin/5.4.0/:/usr/lib/gcc/x86_64-pc-cygwin/5.4.0/../../../../x86_64-pc-cygwin/lib/../lib/:/usr/lib/gcc/x86_64-pc-cygwin/5.4.0/../../../../lib/:/lib/../lib/:/usr/lib/../lib/:/usr/lib/gcc/x86_64-pc-cygwin/5.4.0/../../../../x86_64-pc-cygwin/lib/:/usr/lib/gcc/x86_64-pc-cygwin/5.4.0/../../../:/lib/:/usr/lib/]
  ignore line: [COLLECT_GCC_OPTIONS='-v' '-o' 'cmTC_4d56c.exe' '-mtune=generic' '-march=x86-64']
  link line: [ /usr/lib/gcc/x86_64-pc-cygwin/5.4.0/collect2.exe -plugin /usr/lib/gcc/x86_64-pc-cygwin/5.4.0/cyglto_plugin.dll -plugin-opt=/usr/lib/gcc/x86_64-pc-cygwin/5.4.0/lto-wrapper.exe -plugin-opt=-fresolution=/tmp/cciwxKmz.res -plugin-opt=-pass-through=-lgcc_s -plugin-opt=-pass-through=-lgcc -plugin-opt=-pass-through=-lcygwin -plugin-opt=-pass-through=-ladvapi32 -plugin-opt=-pass-through=-lshell32 -plugin-opt=-pass-through=-luser32 -plugin-opt=-pass-through=-lkernel32 -plugin-opt=-pass-through=-lgcc_s -plugin-opt=-pass-through=-lgcc --build-id -m i386pep --wrap _Znwm --wrap _Znam --wrap _ZdlPv --wrap _ZdaPv --wrap _ZnwmRKSt9nothrow_t --wrap _ZnamRKSt9nothrow_t --wrap _ZdlPvRKSt9nothrow_t --wrap _ZdaPvRKSt9nothrow_t -Bdynamic --dll-search-prefix=cyg --tsaware -o cmTC_4d56c.exe /usr/lib/gcc/x86_64-pc-cygwin/5.4.0/../../../../lib/crt0.o /usr/lib/gcc/x86_64-pc-cygwin/5.4.0/crtbegin.o -L/usr/lib/gcc/x86_64-pc-cygwin/5.4.0 -L/usr/lib/gcc/x86_64-pc-cygwin/5.4.0/../../../../x86_64-pc-cygwin/lib/../lib -L/usr/lib/gcc/x86_64-pc-cygwin/5.4.0/../../../../lib -L/lib/../lib -L/usr/lib/../lib -L/usr/lib/gcc/x86_64-pc-cygwin/5.4.0/../../../../x86_64-pc-cygwin/lib -L/usr/lib/gcc/x86_64-pc-cygwin/5.4.0/../../.. --enable-auto-import CMakeFiles/cmTC_4d56c.dir/CMakeCCompilerABI.c.o --out-implib libcmTC_4d56c.dll.a --major-image-version 0 --minor-image-version 0 -lgcc_s -lgcc -lcygwin -ladvapi32 -lshell32 -luser32 -lkernel32 -lgcc_s -lgcc /usr/lib/gcc/x86_64-pc-cygwin/5.4.0/../../../../lib/default-manifest.o /usr/lib/gcc/x86_64-pc-cygwin/5.4.0/crtend.o]
    arg [/usr/lib/gcc/x86_64-pc-cygwin/5.4.0/collect2.exe] ==> ignore
    arg [-plugin] ==> ignore
    arg [/usr/lib/gcc/x86_64-pc-cygwin/5.4.0/cyglto_plugin.dll] ==> ignore
    arg [-plugin-opt=/usr/lib/gcc/x86_64-pc-cygwin/5.4.0/lto-wrapper.exe] ==> ignore
    arg [-plugin-opt=-fresolution=/tmp/cciwxKmz.res] ==> ignore
    arg [-plugin-opt=-pass-through=-lgcc_s] ==> ignore
    arg [-plugin-opt=-pass-through=-lgcc] ==> ignore
    arg [-plugin-opt=-pass-through=-lcygwin] ==> ignore
    arg [-plugin-opt=-pass-through=-ladvapi32] ==> ignore
    arg [-plugin-opt=-pass-through=-lshell32] ==> ignore
    arg [-plugin-opt=-pass-through=-luser32] ==> ignore
    arg [-plugin-opt=-pass-through=-lkernel32] ==> ignore
    arg [-plugin-opt=-pass-through=-lgcc_s] ==> ignore
    arg [-plugin-opt=-pass-through=-lgcc] ==> ignore
    arg [--build-id] ==> ignore
    arg [-m] ==> ignore
    arg [i386pep] ==> ignore
    arg [--wrap] ==> ignore
    arg [_Znwm] ==> ignore
    arg [--wrap] ==> ignore
    arg [_Znam] ==> ignore
    arg [--wrap] ==> ignore
    arg [_ZdlPv] ==> ignore
    arg [--wrap] ==> ignore
    arg [_ZdaPv] ==> ignore
    arg [--wrap] ==> ignore
    arg [_ZnwmRKSt9nothrow_t] ==> ignore
    arg [--wrap] ==> ignore
    arg [_ZnamRKSt9nothrow_t] ==> ignore
    arg [--wrap] ==> ignore
    arg [_ZdlPvRKSt9nothrow_t] ==> ignore
    arg [--wrap] ==> ignore
    arg [_ZdaPvRKSt9nothrow_t] ==> ignore
    arg [-Bdynamic] ==> ignore
    arg [--dll-search-prefix=cyg] ==> ignore
    arg [--tsaware] ==> ignore
    arg [-o] ==> ignore
    arg [cmTC_4d56c.exe] ==> ignore
    arg [/usr/lib/gcc/x86_64-pc-cygwin/5.4.0/../../../../lib/crt0.o] ==> ignore
    arg [/usr/lib/gcc/x86_64-pc-cygwin/5.4.0/crtbegin.o] ==> ignore
    arg [-L/usr/lib/gcc/x86_64-pc-cygwin/5.4.0] ==> dir [/usr/lib/gcc/x86_64-pc-cygwin/5.4.0]
    arg [-L/usr/lib/gcc/x86_64-pc-cygwin/5.4.0/../../../../x86_64-pc-cygwin/lib/../lib] ==> dir [/usr/lib/gcc/x86_64-pc-cygwin/5.4.0/../../../../x86_64-pc-cygwin/lib/../lib]
    arg [-L/usr/lib/gcc/x86_64-pc-cygwin/5.4.0/../../../../lib] ==> dir [/usr/lib/gcc/x86_64-pc-cygwin/5.4.0/../../../../lib]
    arg [-L/lib/../lib] ==> dir [/lib/../lib]
    arg [-L/usr/lib/../lib] ==> dir [/usr/lib/../lib]
    arg [-L/usr/lib/gcc/x86_64-pc-cygwin/5.4.0/../../../../x86_64-pc-cygwin/lib] ==> dir [/usr/lib/gcc/x86_64-pc-cygwin/5.4.0/../../../../x86_64-pc-cygwin/lib]
    arg [-L/usr/lib/gcc/x86_64-pc-cygwin/5.4.0/../../..] ==> dir [/usr/lib/gcc/x86_64-pc-cygwin/5.4.0/../../..]
    arg [--enable-auto-import] ==> ignore
    arg [CMakeFiles/cmTC_4d56c.dir/CMakeCCompilerABI.c.o] ==> ignore
    arg [--out-implib] ==> ignore
    arg [libcmTC_4d56c.dll.a] ==> ignore
    arg [--major-image-version] ==> ignore
    arg [0] ==> ignore
    arg [--minor-image-version] ==> ignore
    arg [0] ==> ignore
    arg [-lgcc_s] ==> lib [gcc_s]
    arg [-lgcc] ==> lib [gcc]
    arg [-lcygwin] ==> lib [cygwin]
    arg [-ladvapi32] ==> lib [advapi32]
    arg [-lshell32] ==> lib [shell32]
    arg [-luser32] ==> lib [user32]
    arg [-lkernel32] ==> lib [kernel32]
    arg [-lgcc_s] ==> lib [gcc_s]
    arg [-lgcc] ==> lib [gcc]
    arg [/usr/lib/gcc/x86_64-pc-cygwin/5.4.0/../../../../lib/default-manifest.o] ==> ignore
    arg [/usr/lib/gcc/x86_64-pc-cygwin/5.4.0/crtend.o] ==> ignore
  remove lib [gcc_s]
  remove lib [gcc]
  remove lib [gcc_s]
  remove lib [gcc]
  collapse library dir [/usr/lib/gcc/x86_64-pc-cygwin/5.4.0] ==> [/usr/lib/gcc/x86_64-pc-cygwin/5.4.0]
  collapse library dir [/usr/lib/gcc/x86_64-pc-cygwin/5.4.0/../../../../x86_64-pc-cygwin/lib/../lib] ==> [/usr/x86_64-pc-cygwin/lib]
  collapse library dir [/usr/lib/gcc/x86_64-pc-cygwin/5.4.0/../../../../lib] ==> [/usr/lib]
  collapse library dir [/lib/../lib] ==> [/lib]
  collapse library dir [/usr/lib/../lib] ==> [/usr/lib]
  collapse library dir [/usr/lib/gcc/x86_64-pc-cygwin/5.4.0/../../../../x86_64-pc-cygwin/lib] ==> [/usr/x86_64-pc-cygwin/lib]
  collapse library dir [/usr/lib/gcc/x86_64-pc-cygwin/5.4.0/../../..] ==> [/usr/lib]
  implicit libs: [cygwin;advapi32;shell32;user32;kernel32]
  implicit dirs: [/usr/lib/gcc/x86_64-pc-cygwin/5.4.0;/usr/x86_64-pc-cygwin/lib;/usr/lib;/lib]
  implicit fwks: []




Detecting C [-std=c11] compiler features compiled with the following output:
Change Dir: /home/anpbarr/jsoncpp-master/build/debug/CMakeFiles/CMakeTmp

Run Build Command:"/usr/bin/make.exe" "cmTC_6c058/fast"
/usr/bin/make -f CMakeFiles/cmTC_6c058.dir/build.make CMakeFiles/cmTC_6c058.dir/build
make[1]: Entering directory '/home/anpbarr/jsoncpp-master/build/debug/CMakeFiles/CMakeTmp'
Building C object CMakeFiles/cmTC_6c058.dir/feature_tests.c.o
/usr/bin/cc    -std=c11 -o CMakeFiles/cmTC_6c058.dir/feature_tests.c.o   -c /home/anpbarr/jsoncpp-master/build/debug/CMakeFiles/feature_tests.c
Linking C executable cmTC_6c058.exe
/usr/bin/cmake.exe -E cmake_link_script CMakeFiles/cmTC_6c058.dir/link.txt --verbose=1
/usr/bin/cc     -Wl,--enable-auto-import  CMakeFiles/cmTC_6c058.dir/feature_tests.c.o  -o cmTC_6c058.exe -Wl,--out-implib,libcmTC_6c058.dll.a -Wl,--major-image-version,0,--minor-image-version,0  
make[1]: Leaving directory '/home/anpbarr/jsoncpp-master/build/debug/CMakeFiles/CMakeTmp'


    Feature record: C_FEATURE:1c_function_prototypes
    Feature record: C_FEATURE:1c_restrict
    Feature record: C_FEATURE:1c_static_assert
    Feature record: C_FEATURE:1c_variadic_macros


Detecting C [-std=c99] compiler features compiled with the following output:
Change Dir: /home/anpbarr/jsoncpp-master/build/debug/CMakeFiles/CMakeTmp

Run Build Command:"/usr/bin/make.exe" "cmTC_a95c6/fast"
/usr/bin/make -f CMakeFiles/cmTC_a95c6.dir/build.make CMakeFiles/cmTC_a95c6.dir/build
make[1]: Entering directory '/home/anpbarr/jsoncpp-master/build/debug/CMakeFiles/CMakeTmp'
Building C object CMakeFiles/cmTC_a95c6.dir/feature_tests.c.o
/usr/bin/cc    -std=c99 -o CMakeFiles/cmTC_a95c6.dir/feature_tests.c.o   -c /home/anpbarr/jsoncpp-master/build/debug/CMakeFiles/feature_tests.c
Linking C executable cmTC_a95c6.exe
/usr/bin/cmake.exe -E cmake_link_script CMakeFiles/cmTC_a95c6.dir/link.txt --verbose=1
/usr/bin/cc     -Wl,--enable-auto-import  CMakeFiles/cmTC_a95c6.dir/feature_tests.c.o  -o cmTC_a95c6.exe -Wl,--out-implib,libcmTC_a95c6.dll.a -Wl,--major-image-version,0,--minor-image-version,0  
make[1]: Leaving directory '/home/anpbarr/jsoncpp-master/build/debug/CMakeFiles/CMakeTmp'


    Feature record: C_FEATURE:1c_function_prototypes
    Feature record: C_FEATURE:1c_restrict
    Feature record: C_FEATURE:0c_static_assert
    Feature record: C_FEATURE:1c_variadic_macros


Detecting C [-std=c90] compiler features compiled with the following output:
Change Dir: /home/anpbarr/jsoncpp-master/build/debug/CMakeFiles/CMakeTmp

Run Build Command:"/usr/bin/make.exe" "cmTC_fa874/fast"
/usr/bin/make -f CMakeFiles/cmTC_fa874.dir/build.make CMakeFiles/cmTC_fa874.dir/build
make[1]: Entering directory '/home/anpbarr/jsoncpp-master/build/debug/CMakeFiles/CMakeTmp'
Building C object CMakeFiles/cmTC_fa874.dir/feature_tests.c.o
/usr/bin/cc    -std=c90 -o CMakeFiles/cmTC_fa874.dir/feature_tests.c.o   -c /home/anpbarr/jsoncpp-master/build/debug/CMakeFiles/feature_tests.c
Linking C executable cmTC_fa874.exe
/usr/bin/cmake.exe -E cmake_link_script CMakeFiles/cmTC_fa874.dir/link.txt --verbose=1
/usr/bin/cc     -Wl,--enable-auto-import  CMakeFiles/cmTC_fa874.dir/feature_tests.c.o  -o cmTC_fa874.exe -Wl,--out-implib,libcmTC_fa874.dll.a -Wl,--major-image-version,0,--minor-image-version,0  
make[1]: Leaving directory '/home/anpbarr/jsoncpp-master/build/debug/CMakeFiles/CMakeTmp'


    Feature record: C_FEATURE:1c_function_prototypes
    Feature record: C_FEATURE:0c_restrict
    Feature record: C_FEATURE:0c_static_assert
    Feature record: C_FEATURE:0c_variadic_macros
Compiling the CXX compiler identification source file "CMakeCXXCompilerId.cpp" succeeded.
Compiler: /usr/bin/c++.exe 
Build flags: 
Id flags: 

The output was:
0


Compilation of the CXX compiler identification source "CMakeCXXCompilerId.cpp" produced "a.exe"

The CXX compiler identification is GNU, found in "/home/anpbarr/jsoncpp-master/build/debug/CMakeFiles/3.6.2/CompilerIdCXX/a.exe"

Determining if the CXX compiler works passed with the following output:
Change Dir: /home/anpbarr/jsoncpp-master/build/debug/CMakeFiles/CMakeTmp

Run Build Command:"/usr/bin/make.exe" "cmTC_cf77c/fast"
/usr/bin/make -f CMakeFiles/cmTC_cf77c.dir/build.make CMakeFiles/cmTC_cf77c.dir/build
make[1]: Entering directory '/home/anpbarr/jsoncpp-master/build/debug/CMakeFiles/CMakeTmp'
Building CXX object CMakeFiles/cmTC_cf77c.dir/testCXXCompiler.cxx.o
/usr/bin/c++.exe      -o CMakeFiles/cmTC_cf77c.dir/testCXXCompiler.cxx.o -c /home/anpbarr/jsoncpp-master/build/debug/CMakeFiles/CMakeTmp/testCXXCompiler.cxx
Linking CXX executable cmTC_cf77c.exe
/usr/bin/cmake.exe -E cmake_link_script CMakeFiles/cmTC_cf77c.dir/link.txt --verbose=1
/usr/bin/c++.exe     -Wl,--enable-auto-import  CMakeFiles/cmTC_cf77c.dir/testCXXCompiler.cxx.o  -o cmTC_cf77c.exe -Wl,--out-implib,libcmTC_cf77c.dll.a -Wl,--major-image-version,0,--minor-image-version,0  
make[1]: Leaving directory '/home/anpbarr/jsoncpp-master/build/debug/CMakeFiles/CMakeTmp'


Detecting CXX compiler ABI info compiled with the following output:
Change Dir: /home/anpbarr/jsoncpp-master/build/debug/CMakeFiles/CMakeTmp

Run Build Command:"/usr/bin/make.exe" "cmTC_b02fc/fast"
/usr/bin/make -f CMakeFiles/cmTC_b02fc.dir/build.make CMakeFiles/cmTC_b02fc.dir/build
make[1]: Entering directory '/home/anpbarr/jsoncpp-master/build/debug/CMakeFiles/CMakeTmp'
Building CXX object CMakeFiles/cmTC_b02fc.dir/CMakeCXXCompilerABI.cpp.o
/usr/bin/c++.exe      -o CMakeFiles/cmTC_b02fc.dir/CMakeCXXCompilerABI.cpp.o -c /usr/share/cmake-3.6.2/Modules/CMakeCXXCompilerABI.cpp
Linking CXX executable cmTC_b02fc.exe
/usr/bin/cmake.exe -E cmake_link_script CMakeFiles/cmTC_b02fc.dir/link.txt --verbose=1
/usr/bin/c++.exe     -Wl,--enable-auto-import -v CMakeFiles/cmTC_b02fc.dir/CMakeCXXCompilerABI.cpp.o  -o cmTC_b02fc.exe -Wl,--out-implib,libcmTC_b02fc.dll.a -Wl,--major-image-version,0,--minor-image-version,0   
Using built-in specs.
COLLECT_GCC=/usr/bin/c++
COLLECT_LTO_WRAPPER=/usr/lib/gcc/x86_64-pc-cygwin/5.4.0/lto-wrapper.exe
Target: x86_64-pc-cygwin
Configured with: /cygdrive/i/szsz/tmpp/gcc/gcc-5.4.0-1.x86_64/src/gcc-5.4.0/configure --srcdir=/cygdrive/i/szsz/tmpp/gcc/gcc-5.4.0-1.x86_64/src/gcc-5.4.0 --prefix=/usr --exec-prefix=/usr --localstatedir=/var --sysconfdir=/etc --docdir=/usr/share/doc/gcc --htmldir=/usr/share/doc/gcc/html -C --build=x86_64-pc-cygwin --host=x86_64-pc-cygwin --target=x86_64-pc-cygwin --without-libiconv-prefix --without-libintl-prefix --libexecdir=/usr/lib --enable-shared --enable-shared-libgcc --enable-static --enable-version-specific-runtime-libs --enable-bootstrap --enable-__cxa_atexit --with-dwarf2 --with-tune=generic --enable-languages=ada,c,c++,fortran,lto,objc,obj-c++ --enable-graphite --enable-threads=posix --enable-libatomic --enable-libcilkrts --enable-libgomp --enable-libitm --enable-libquadmath --enable-libquadmath-support --enable-libssp --enable-libada --enable-libgcj-sublibs --disable-java-awt --disable-symvers --with-ecj-jar=/usr/share/java/ecj.jar --with-gnu-ld --with-gnu-as --with-cloog-include=/usr/include/cloog-isl --without-libiconv-prefix --without-libintl-prefix --with-system-zlib --enable-linker-build-id --with-default-libstdcxx-abi=gcc4-compatible
Thread model: posix
gcc version 5.4.0 (GCC) 
COMPILER_PATH=/usr/lib/gcc/x86_64-pc-cygwin/5.4.0/:/usr/lib/gcc/x86_64-pc-cygwin/5.4.0/:/usr/lib/gcc/x86_64-pc-cygwin/:/usr/lib/gcc/x86_64-pc-cygwin/5.4.0/:/usr/lib/gcc/x86_64-pc-cygwin/:/usr/lib/gcc/x86_64-pc-cygwin/5.4.0/../../../../x86_64-pc-cygwin/bin/
LIBRARY_PATH=/usr/lib/gcc/x86_64-pc-cygwin/5.4.0/:/usr/lib/gcc/x86_64-pc-cygwin/5.4.0/../../../../x86_64-pc-cygwin/lib/../lib/:/usr/lib/gcc/x86_64-pc-cygwin/5.4.0/../../../../lib/:/lib/../lib/:/usr/lib/../lib/:/usr/lib/gcc/x86_64-pc-cygwin/5.4.0/../../../../x86_64-pc-cygwin/lib/:/usr/lib/gcc/x86_64-pc-cygwin/5.4.0/../../../:/lib/:/usr/lib/
COLLECT_GCC_OPTIONS='-v' '-o' 'cmTC_b02fc.exe' '-shared-libgcc' '-mtune=generic' '-march=x86-64'
 /usr/lib/gcc/x86_64-pc-cygwin/5.4.0/collect2.exe -plugin /usr/lib/gcc/x86_64-pc-cygwin/5.4.0/cyglto_plugin.dll -plugin-opt=/usr/lib/gcc/x86_64-pc-cygwin/5.4.0/lto-wrapper.exe -plugin-opt=-fresolution=/tmp/ccPKxEBS.res -plugin-opt=-pass-through=-lgcc_s -plugin-opt=-pass-through=-lgcc -plugin-opt=-pass-through=-lcygwin -plugin-opt=-pass-through=-ladvapi32 -plugin-opt=-pass-through=-lshell32 -plugin-opt=-pass-through=-luser32 -plugin-opt=-pass-through=-lkernel32 -plugin-opt=-pass-through=-lgcc_s -plugin-opt=-pass-through=-lgcc --build-id -m i386pep --wrap _Znwm --wrap _Znam --wrap _ZdlPv --wrap _ZdaPv --wrap _ZnwmRKSt9nothrow_t --wrap _ZnamRKSt9nothrow_t --wrap _ZdlPvRKSt9nothrow_t --wrap _ZdaPvRKSt9nothrow_t -Bdynamic --dll-search-prefix=cyg --tsaware -o cmTC_b02fc.exe /usr/lib/gcc/x86_64-pc-cygwin/5.4.0/../../../../lib/crt0.o /usr/lib/gcc/x86_64-pc-cygwin/5.4.0/crtbegin.o -L/usr/lib/gcc/x86_64-pc-cygwin/5.4.0 -L/usr/lib/gcc/x86_64-pc-cygwin/5.4.0/../../../../x86_64-pc-cygwin/lib/../lib -L/usr/lib/gcc/x86_64-pc-cygwin/5.4.0/../../../../lib -L/lib/../lib -L/usr/lib/../lib -L/usr/lib/gcc/x86_64-pc-cygwin/5.4.0/../../../../x86_64-pc-cygwin/lib -L/usr/lib/gcc/x86_64-pc-cygwin/5.4.0/../../.. --enable-auto-import CMakeFiles/cmTC_b02fc.dir/CMakeCXXCompilerABI.cpp.o --out-implib libcmTC_b02fc.dll.a --major-image-version 0 --minor-image-version 0 -lstdc++ -lgcc_s -lgcc -lcygwin -ladvapi32 -lshell32 -luser32 -lkernel32 -lgcc_s -lgcc /usr/lib/gcc/x86_64-pc-cygwin/5.4.0/../../../../lib/default-manifest.o /usr/lib/gcc/x86_64-pc-cygwin/5.4.0/crtend.o
make[1]: Leaving directory '/home/anpbarr/jsoncpp-master/build/debug/CMakeFiles/CMakeTmp'


Parsed CXX implicit link information from above output:
  link line regex: [^( *|.*[/\])(ld\.exe|([^/\]+-)?ld|collect2)[^/\]*( |$)]
  ignore line: [Change Dir: /home/anpbarr/jsoncpp-master/build/debug/CMakeFiles/CMakeTmp]
  ignore line: []
  ignore line: [Run Build Command:"/usr/bin/make.exe" "cmTC_b02fc/fast"]
  ignore line: [/usr/bin/make -f CMakeFiles/cmTC_b02fc.dir/build.make CMakeFiles/cmTC_b02fc.dir/build]
  ignore line: [make[1]: Entering directory '/home/anpbarr/jsoncpp-master/build/debug/CMakeFiles/CMakeTmp']
  ignore line: [Building CXX object CMakeFiles/cmTC_b02fc.dir/CMakeCXXCompilerABI.cpp.o]
  ignore line: [/usr/bin/c++.exe      -o CMakeFiles/cmTC_b02fc.dir/CMakeCXXCompilerABI.cpp.o -c /usr/share/cmake-3.6.2/Modules/CMakeCXXCompilerABI.cpp]
  ignore line: [Linking CXX executable cmTC_b02fc.exe]
  ignore line: [/usr/bin/cmake.exe -E cmake_link_script CMakeFiles/cmTC_b02fc.dir/link.txt --verbose=1]
  ignore line: [/usr/bin/c++.exe     -Wl,--enable-auto-import -v CMakeFiles/cmTC_b02fc.dir/CMakeCXXCompilerABI.cpp.o  -o cmTC_b02fc.exe -Wl,--out-implib,libcmTC_b02fc.dll.a -Wl,--major-image-version,0,--minor-image-version,0   ]
  ignore line: [Using built-in specs.]
  ignore line: [COLLECT_GCC=/usr/bin/c++]
  ignore line: [COLLECT_LTO_WRAPPER=/usr/lib/gcc/x86_64-pc-cygwin/5.4.0/lto-wrapper.exe]
  ignore line: [Target: x86_64-pc-cygwin]
  ignore line: [Configured with: /cygdrive/i/szsz/tmpp/gcc/gcc-5.4.0-1.x86_64/src/gcc-5.4.0/configure --srcdir=/cygdrive/i/szsz/tmpp/gcc/gcc-5.4.0-1.x86_64/src/gcc-5.4.0 --prefix=/usr --exec-prefix=/usr --localstatedir=/var --sysconfdir=/etc --docdir=/usr/share/doc/gcc --htmldir=/usr/share/doc/gcc/html -C --build=x86_64-pc-cygwin --host=x86_64-pc-cygwin --target=x86_64-pc-cygwin --without-libiconv-prefix --without-libintl-prefix --libexecdir=/usr/lib --enable-shared --enable-shared-libgcc --enable-static --enable-version-specific-runtime-libs --enable-bootstrap --enable-__cxa_atexit --with-dwarf2 --with-tune=generic --enable-languages=ada,c,c++,fortran,lto,objc,obj-c++ --enable-graphite --enable-threads=posix --enable-libatomic --enable-libcilkrts --enable-libgomp --enable-libitm --enable-libquadmath --enable-libquadmath-support --enable-libssp --enable-libada --enable-libgcj-sublibs --disable-java-awt --disable-symvers --with-ecj-jar=/usr/share/java/ecj.jar --with-gnu-ld --with-gnu-as --with-cloog-include=/usr/include/cloog-isl --without-libiconv-prefix --without-libintl-prefix --with-system-zlib --enable-linker-build-id --with-default-libstdcxx-abi=gcc4-compatible]
  ignore line: [Thread model: posix]
  ignore line: [gcc version 5.4.0 (GCC) ]
  ignore line: [COMPILER_PATH=/usr/lib/gcc/x86_64-pc-cygwin/5.4.0/:/usr/lib/gcc/x86_64-pc-cygwin/5.4.0/:/usr/lib/gcc/x86_64-pc-cygwin/:/usr/lib/gcc/x86_64-pc-cygwin/5.4.0/:/usr/lib/gcc/x86_64-pc-cygwin/:/usr/lib/gcc/x86_64-pc-cygwin/5.4.0/../../../../x86_64-pc-cygwin/bin/]
  ignore line: [LIBRARY_PATH=/usr/lib/gcc/x86_64-pc-cygwin/5.4.0/:/usr/lib/gcc/x86_64-pc-cygwin/5.4.0/../../../../x86_64-pc-cygwin/lib/../lib/:/usr/lib/gcc/x86_64-pc-cygwin/5.4.0/../../../../lib/:/lib/../lib/:/usr/lib/../lib/:/usr/lib/gcc/x86_64-pc-cygwin/5.4.0/../../../../x86_64-pc-cygwin/lib/:/usr/lib/gcc/x86_64-pc-cygwin/5.4.0/../../../:/lib/:/usr/lib/]
  ignore line: [COLLECT_GCC_OPTIONS='-v' '-o' 'cmTC_b02fc.exe' '-shared-libgcc' '-mtune=generic' '-march=x86-64']
  link line: [ /usr/lib/gcc/x86_64-pc-cygwin/5.4.0/collect2.exe -plugin /usr/lib/gcc/x86_64-pc-cygwin/5.4.0/cyglto_plugin.dll -plugin-opt=/usr/lib/gcc/x86_64-pc-cygwin/5.4.0/lto-wrapper.exe -plugin-opt=-fresolution=/tmp/ccPKxEBS.res -plugin-opt=-pass-through=-lgcc_s -plugin-opt=-pass-through=-lgcc -plugin-opt=-pass-through=-lcygwin -plugin-opt=-pass-through=-ladvapi32 -plugin-opt=-pass-through=-lshell32 -plugin-opt=-pass-through=-luser32 -plugin-opt=-pass-through=-lkernel32 -plugin-opt=-pass-through=-lgcc_s -plugin-opt=-pass-through=-lgcc --build-id -m i386pep --wrap _Znwm --wrap _Znam --wrap _ZdlPv --wrap _ZdaPv --wrap _ZnwmRKSt9nothrow_t --wrap _ZnamRKSt9nothrow_t --wrap _ZdlPvRKSt9nothrow_t --wrap _ZdaPvRKSt9nothrow_t -Bdynamic --dll-search-prefix=cyg --tsaware -o cmTC_b02fc.exe /usr/lib/gcc/x86_64-pc-cygwin/5.4.0/../../../../lib/crt0.o /usr/lib/gcc/x86_64-pc-cygwin/5.4.0/crtbegin.o -L/usr/lib/gcc/x86_64-pc-cygwin/5.4.0 -L/usr/lib/gcc/x86_64-pc-cygwin/5.4.0/../../../../x86_64-pc-cygwin/lib/../lib -L/usr/lib/gcc/x86_64-pc-cygwin/5.4.0/../../../../lib -L/lib/../lib -L/usr/lib/../lib -L/usr/lib/gcc/x86_64-pc-cygwin/5.4.0/../../../../x86_64-pc-cygwin/lib -L/usr/lib/gcc/x86_64-pc-cygwin/5.4.0/../../.. --enable-auto-import CMakeFiles/cmTC_b02fc.dir/CMakeCXXCompilerABI.cpp.o --out-implib libcmTC_b02fc.dll.a --major-image-version 0 --minor-image-version 0 -lstdc++ -lgcc_s -lgcc -lcygwin -ladvapi32 -lshell32 -luser32 -lkernel32 -lgcc_s -lgcc /usr/lib/gcc/x86_64-pc-cygwin/5.4.0/../../../../lib/default-manifest.o /usr/lib/gcc/x86_64-pc-cygwin/5.4.0/crtend.o]
    arg [/usr/lib/gcc/x86_64-pc-cygwin/5.4.0/collect2.exe] ==> ignore
    arg [-plugin] ==> ignore
    arg [/usr/lib/gcc/x86_64-pc-cygwin/5.4.0/cyglto_plugin.dll] ==> ignore
    arg [-plugin-opt=/usr/lib/gcc/x86_64-pc-cygwin/5.4.0/lto-wrapper.exe] ==> ignore
    arg [-plugin-opt=-fresolution=/tmp/ccPKxEBS.res] ==> ignore
    arg [-plugin-opt=-pass-through=-lgcc_s] ==> ignore
    arg [-plugin-opt=-pass-through=-lgcc] ==> ignore
    arg [-plugin-opt=-pass-through=-lcygwin] ==> ignore
    arg [-plugin-opt=-pass-through=-ladvapi32] ==> ignore
    arg [-plugin-opt=-pass-through=-lshell32] ==> ignore
    arg [-plugin-opt=-pass-through=-luser32] ==> ignore
    arg [-plugin-opt=-pass-through=-lkernel32] ==> ignore
    arg [-plugin-opt=-pass-through=-lgcc_s] ==> ignore
    arg [-plugin-opt=-pass-through=-lgcc] ==> ignore
    arg [--build-id] ==> ignore
    arg [-m] ==> ignore
    arg [i386pep] ==> ignore
    arg [--wrap] ==> ignore
    arg [_Znwm] ==> ignore
    arg [--wrap] ==> ignore
    arg [_Znam] ==> ignore
    arg [--wrap] ==> ignore
    arg [_ZdlPv] ==> ignore
    arg [--wrap] ==> ignore
    arg [_ZdaPv] ==> ignore
    arg [--wrap] ==> ignore
    arg [_ZnwmRKSt9nothrow_t] ==> ignore
    arg [--wrap] ==> ignore
    arg [_ZnamRKSt9nothrow_t] ==> ignore
    arg [--wrap] ==> ignore
    arg [_ZdlPvRKSt9nothrow_t] ==> ignore
    arg [--wrap] ==> ignore
    arg [_ZdaPvRKSt9nothrow_t] ==> ignore
    arg [-Bdynamic] ==> ignore
    arg [--dll-search-prefix=cyg] ==> ignore
    arg [--tsaware] ==> ignore
    arg [-o] ==> ignore
    arg [cmTC_b02fc.exe] ==> ignore
    arg [/usr/lib/gcc/x86_64-pc-cygwin/5.4.0/../../../../lib/crt0.o] ==> ignore
    arg [/usr/lib/gcc/x86_64-pc-cygwin/5.4.0/crtbegin.o] ==> ignore
    arg [-L/usr/lib/gcc/x86_64-pc-cygwin/5.4.0] ==> dir [/usr/lib/gcc/x86_64-pc-cygwin/5.4.0]
    arg [-L/usr/lib/gcc/x86_64-pc-cygwin/5.4.0/../../../../x86_64-pc-cygwin/lib/../lib] ==> dir [/usr/lib/gcc/x86_64-pc-cygwin/5.4.0/../../../../x86_64-pc-cygwin/lib/../lib]
    arg [-L/usr/lib/gcc/x86_64-pc-cygwin/5.4.0/../../../../lib] ==> dir [/usr/lib/gcc/x86_64-pc-cygwin/5.4.0/../../../../lib]
    arg [-L/lib/../lib] ==> dir [/lib/../lib]
    arg [-L/usr/lib/../lib] ==> dir [/usr/lib/../lib]
    arg [-L/usr/lib/gcc/x86_64-pc-cygwin/5.4.0/../../../../x86_64-pc-cygwin/lib] ==> dir [/usr/lib/gcc/x86_64-pc-cygwin/5.4.0/../../../../x86_64-pc-cygwin/lib]
    arg [-L/usr/lib/gcc/x86_64-pc-cygwin/5.4.0/../../..] ==> dir [/usr/lib/gcc/x86_64-pc-cygwin/5.4.0/../../..]
    arg [--enable-auto-import] ==> ignore
    arg [CMakeFiles/cmTC_b02fc.dir/CMakeCXXCompilerABI.cpp.o] ==> ignore
    arg [--out-implib] ==> ignore
    arg [libcmTC_b02fc.dll.a] ==> ignore
    arg [--major-image-version] ==> ignore
    arg [0] ==> ignore
    arg [--minor-image-version] ==> ignore
    arg [0] ==> ignore
    arg [-lstdc++] ==> lib [stdc++]
    arg [-lgcc_s] ==> lib [gcc_s]
    arg [-lgcc] ==> lib [gcc]
    arg [-lcygwin] ==> lib [cygwin]
    arg [-ladvapi32] ==> lib [advapi32]
    arg [-lshell32] ==> lib [shell32]
    arg [-luser32] ==> lib [user32]
    arg [-lkernel32] ==> lib [kernel32]
    arg [-lgcc_s] ==> lib [gcc_s]
    arg [-lgcc] ==> lib [gcc]
    arg [/usr/lib/gcc/x86_64-pc-cygwin/5.4.0/../../../../lib/default-manifest.o] ==> ignore
    arg [/usr/lib/gcc/x86_64-pc-cygwin/5.4.0/crtend.o] ==> ignore
  remove lib [gcc_s]
  remove lib [gcc]
  remove lib [gcc_s]
  remove lib [gcc]
  collapse library dir [/usr/lib/gcc/x86_64-pc-cygwin/5.4.0] ==> [/usr/lib/gcc/x86_64-pc-cygwin/5.4.0]
  collapse library dir [/usr/lib/gcc/x86_64-pc-cygwin/5.4.0/../../../../x86_64-pc-cygwin/lib/../lib] ==> [/usr/x86_64-pc-cygwin/lib]
  collapse library dir [/usr/lib/gcc/x86_64-pc-cygwin/5.4.0/../../../../lib] ==> [/usr/lib]
  collapse library dir [/lib/../lib] ==> [/lib]
  collapse library dir [/usr/lib/../lib] ==> [/usr/lib]
  collapse library dir [/usr/lib/gcc/x86_64-pc-cygwin/5.4.0/../../../../x86_64-pc-cygwin/lib] ==> [/usr/x86_64-pc-cygwin/lib]
  collapse library dir [/usr/lib/gcc/x86_64-pc-cygwin/5.4.0/../../..] ==> [/usr/lib]
  implicit libs: [stdc++;cygwin;advapi32;shell32;user32;kernel32]
  implicit dirs: [/usr/lib/gcc/x86_64-pc-cygwin/5.4.0;/usr/x86_64-pc-cygwin/lib;/usr/lib;/lib]
  implicit fwks: []




Detecting CXX [-std=c++14] compiler features compiled with the following output:
Change Dir: /home/anpbarr/jsoncpp-master/build/debug/CMakeFiles/CMakeTmp

Run Build Command:"/usr/bin/make.exe" "cmTC_ead93/fast"
/usr/bin/make -f CMakeFiles/cmTC_ead93.dir/build.make CMakeFiles/cmTC_ead93.dir/build
make[1]: Entering directory '/home/anpbarr/jsoncpp-master/build/debug/CMakeFiles/CMakeTmp'
Building CXX object CMakeFiles/cmTC_ead93.dir/feature_tests.cxx.o
/usr/bin/c++.exe     -std=c++14 -o CMakeFiles/cmTC_ead93.dir/feature_tests.cxx.o -c /home/anpbarr/jsoncpp-master/build/debug/CMakeFiles/feature_tests.cxx
Linking CXX executable cmTC_ead93.exe
/usr/bin/cmake.exe -E cmake_link_script CMakeFiles/cmTC_ead93.dir/link.txt --verbose=1
/usr/bin/c++.exe     -Wl,--enable-auto-import  CMakeFiles/cmTC_ead93.dir/feature_tests.cxx.o  -o cmTC_ead93.exe -Wl,--out-implib,libcmTC_ead93.dll.a -Wl,--major-image-version,0,--minor-image-version,0  
make[1]: Leaving directory '/home/anpbarr/jsoncpp-master/build/debug/CMakeFiles/CMakeTmp'


    Feature record: CXX_FEATURE:1cxx_aggregate_default_initializers
    Feature record: CXX_FEATURE:1cxx_alias_templates
    Feature record: CXX_FEATURE:1cxx_alignas
    Feature record: CXX_FEATURE:1cxx_alignof
    Feature record: CXX_FEATURE:1cxx_attributes
    Feature record: CXX_FEATURE:1cxx_attribute_deprecated
    Feature record: CXX_FEATURE:1cxx_auto_type
    Feature record: CXX_FEATURE:1cxx_binary_literals
    Feature record: CXX_FEATURE:1cxx_constexpr
    Feature record: CXX_FEATURE:1cxx_contextual_conversions
    Feature record: CXX_FEATURE:1cxx_decltype
    Feature record: CXX_FEATURE:1cxx_decltype_auto
    Feature record: CXX_FEATURE:1cxx_decltype_incomplete_return_types
    Feature record: CXX_FEATURE:1cxx_default_function_template_args
    Feature record: CXX_FEATURE:1cxx_defaulted_functions
    Feature record: CXX_FEATURE:1cxx_defaulted_move_initializers
    Feature record: CXX_FEATURE:1cxx_delegating_constructors
    Feature record: CXX_FEATURE:1cxx_deleted_functions
    Feature record: CXX_FEATURE:1cxx_digit_separators
    Feature record: CXX_FEATURE:1cxx_enum_forward_declarations
    Feature record: CXX_FEATURE:1cxx_explicit_conversions
    Feature record: CXX_FEATURE:1cxx_extended_friend_declarations
    Feature record: CXX_FEATURE:1cxx_extern_templates
    Feature record: CXX_FEATURE:1cxx_final
    Feature record: CXX_FEATURE:1cxx_func_identifier
    Feature record: CXX_FEATURE:1cxx_generalized_initializers
    Feature record: CXX_FEATURE:1cxx_generic_lambdas
    Feature record: CXX_FEATURE:1cxx_inheriting_constructors
    Feature record: CXX_FEATURE:1cxx_inline_namespaces
    Feature record: CXX_FEATURE:1cxx_lambdas
    Feature record: CXX_FEATURE:1cxx_lambda_init_captures
    Feature record: CXX_FEATURE:1cxx_local_type_template_args
    Feature record: CXX_FEATURE:1cxx_long_long_type
    Feature record: CXX_FEATURE:1cxx_noexcept
    Feature record: CXX_FEATURE:1cxx_nonstatic_member_init
    Feature record: CXX_FEATURE:1cxx_nullptr
    Feature record: CXX_FEATURE:1cxx_override
    Feature record: CXX_FEATURE:1cxx_range_for
    Feature record: CXX_FEATURE:1cxx_raw_string_literals
    Feature record: CXX_FEATURE:1cxx_reference_qualified_functions
    Feature record: CXX_FEATURE:1cxx_relaxed_constexpr
    Feature record: CXX_FEATURE:1cxx_return_type_deduction
    Feature record: CXX_FEATURE:1cxx_right_angle_brackets
    Feature record: CXX_FEATURE:1cxx_rvalue_references
    Feature record: CXX_FEATURE:1cxx_sizeof_member
    Feature record: CXX_FEATURE:1cxx_static_assert
    Feature record: CXX_FEATURE:1cxx_strong_enums
    Feature record: CXX_FEATURE:1cxx_template_template_parameters
    Feature record: CXX_FEATURE:1cxx_thread_local
    Feature record: CXX_FEATURE:1cxx_trailing_return_types
    Feature record: CXX_FEATURE:1cxx_unicode_literals
    Feature record: CXX_FEATURE:1cxx_uniform_initialization
    Feature record: CXX_FEATURE:1cxx_unrestricted_unions
    Feature record: CXX_FEATURE:1cxx_user_literals
    Feature record: CXX_FEATURE:1cxx_variable_templates
    Feature record: CXX_FEATURE:1cxx_variadic_macros
    Feature record: CXX_FEATURE:1cxx_variadic_templates


Detecting CXX [-std=c++11] compiler features compiled with the following output:
Change Dir: /home/anpbarr/jsoncpp-master/build/debug/CMakeFiles/CMakeTmp

Run Build Command:"/usr/bin/make.exe" "cmTC_8d473/fast"
/usr/bin/make -f CMakeFiles/cmTC_8d473.dir/build.make CMakeFiles/cmTC_8d473.dir/build
make[1]: Entering directory '/home/anpbarr/jsoncpp-master/build/debug/CMakeFiles/CMakeTmp'
Building CXX object CMakeFiles/cmTC_8d473.dir/feature_tests.cxx.o
/usr/bin/c++.exe     -std=c++11 -o CMakeFiles/cmTC_8d473.dir/feature_tests.cxx.o -c /home/anpbarr/jsoncpp-master/build/debug/CMakeFiles/feature_tests.cxx
Linking CXX executable cmTC_8d473.exe
/usr/bin/cmake.exe -E cmake_link_script CMakeFiles/cmTC_8d473.dir/link.txt --verbose=1
/usr/bin/c++.exe     -Wl,--enable-auto-import  CMakeFiles/cmTC_8d473.dir/feature_tests.cxx.o  -o cmTC_8d473.exe -Wl,--out-implib,libcmTC_8d473.dll.a -Wl,--major-image-version,0,--minor-image-version,0  
make[1]: Leaving directory '/home/anpbarr/jsoncpp-master/build/debug/CMakeFiles/CMakeTmp'


    Feature record: CXX_FEATURE:0cxx_aggregate_default_initializers
    Feature record: CXX_FEATURE:1cxx_alias_templates
    Feature record: CXX_FEATURE:1cxx_alignas
    Feature record: CXX_FEATURE:1cxx_alignof
    Feature record: CXX_FEATURE:1cxx_attributes
    Feature record: CXX_FEATURE:0cxx_attribute_deprecated
    Feature record: CXX_FEATURE:1cxx_auto_type
    Feature record: CXX_FEATURE:0cxx_binary_literals
    Feature record: CXX_FEATURE:1cxx_constexpr
    Feature record: CXX_FEATURE:0cxx_contextual_conversions
    Feature record: CXX_FEATURE:1cxx_decltype
    Feature record: CXX_FEATURE:0cxx_decltype_auto
    Feature record: CXX_FEATURE:1cxx_decltype_incomplete_return_types
    Feature record: CXX_FEATURE:1cxx_default_function_template_args
    Feature record: CXX_FEATURE:1cxx_defaulted_functions
    Feature record: CXX_FEATURE:1cxx_defaulted_move_initializers
    Feature record: CXX_FEATURE:1cxx_delegating_constructors
    Feature record: CXX_FEATURE:1cxx_deleted_functions
    Feature record: CXX_FEATURE:0cxx_digit_separators
    Feature record: CXX_FEATURE:1cxx_enum_forward_declarations
    Feature record: CXX_FEATURE:1cxx_explicit_conversions
    Feature record: CXX_FEATURE:1cxx_extended_friend_declarations
    Feature record: CXX_FEATURE:1cxx_extern_templates
    Feature record: CXX_FEATURE:1cxx_final
    Feature record: CXX_FEATURE:1cxx_func_identifier
    Feature record: CXX_FEATURE:1cxx_generalized_initializers
    Feature record: CXX_FEATURE:0cxx_generic_lambdas
    Feature record: CXX_FEATURE:1cxx_inheriting_constructors
    Feature record: CXX_FEATURE:1cxx_inline_namespaces
    Feature record: CXX_FEATURE:1cxx_lambdas
    Feature record: CXX_FEATURE:0cxx_lambda_init_captures
    Feature record: CXX_FEATURE:1cxx_local_type_template_args
    Feature record: CXX_FEATURE:1cxx_long_long_type
    Feature record: CXX_FEATURE:1cxx_noexcept
    Feature record: CXX_FEATURE:1cxx_nonstatic_member_init
    Feature record: CXX_FEATURE:1cxx_nullptr
    Feature record: CXX_FEATURE:1cxx_override
    Feature record: CXX_FEATURE:1cxx_range_for
    Feature record: CXX_FEATURE:1cxx_raw_string_literals
    Feature record: CXX_FEATURE:1cxx_reference_qualified_functions
    Feature record: CXX_FEATURE:0cxx_relaxed_constexpr
    Feature record: CXX_FEATURE:0cxx_return_type_deduction
    Feature record: CXX_FEATURE:1cxx_right_angle_brackets
    Feature record: CXX_FEATURE:1cxx_rvalue_references
    Feature record: CXX_FEATURE:1cxx_sizeof_member
    Feature record: CXX_FEATURE:1cxx_static_assert
    Feature record: CXX_FEATURE:1cxx_strong_enums
    Feature record: CXX_FEATURE:1cxx_template_template_parameters
    Feature record: CXX_FEATURE:1cxx_thread_local
    Feature record: CXX_FEATURE:1cxx_trailing_return_types
    Feature record: CXX_FEATURE:1cxx_unicode_literals
    Feature record: CXX_FEATURE:1cxx_uniform_initialization
    Feature record: CXX_FEATURE:1cxx_unrestricted_unions
    Feature record: CXX_FEATURE:1cxx_user_literals
    Feature record: CXX_FEATURE:0cxx_variable_templates
    Feature record: CXX_FEATURE:1cxx_variadic_macros
    Feature record: CXX_FEATURE:1cxx_variadic_templates


Detecting CXX [-std=c++98] compiler features compiled with the following output:
Change Dir: /home/anpbarr/jsoncpp-master/build/debug/CMakeFiles/CMakeTmp

Run Build Command:"/usr/bin/make.exe" "cmTC_a37c7/fast"
/usr/bin/make -f CMakeFiles/cmTC_a37c7.dir/build.make CMakeFiles/cmTC_a37c7.dir/build
make[1]: Entering directory '/home/anpbarr/jsoncpp-master/build/debug/CMakeFiles/CMakeTmp'
Building CXX object CMakeFiles/cmTC_a37c7.dir/feature_tests.cxx.o
/usr/bin/c++.exe     -std=c++98 -o CMakeFiles/cmTC_a37c7.dir/feature_tests.cxx.o -c /home/anpbarr/jsoncpp-master/build/debug/CMakeFiles/feature_tests.cxx
Linking CXX executable cmTC_a37c7.exe
/usr/bin/cmake.exe -E cmake_link_script CMakeFiles/cmTC_a37c7.dir/link.txt --verbose=1
/usr/bin/c++.exe     -Wl,--enable-auto-import  CMakeFiles/cmTC_a37c7.dir/feature_tests.cxx.o  -o cmTC_a37c7.exe -Wl,--out-implib,libcmTC_a37c7.dll.a -Wl,--major-image-version,0,--minor-image-version,0  
make[1]: Leaving directory '/home/anpbarr/jsoncpp-master/build/debug/CMakeFiles/CMakeTmp'


    Feature record: CXX_FEATURE:0cxx_aggregate_default_initializers
    Feature record: CXX_FEATURE:0cxx_alias_templates
    Feature record: CXX_FEATURE:0cxx_alignas
    Feature record: CXX_FEATURE:0cxx_alignof
    Feature record: CXX_FEATURE:0cxx_attributes
    Feature record: CXX_FEATURE:0cxx_attribute_deprecated
    Feature record: CXX_FEATURE:0cxx_auto_type
    Feature record: CXX_FEATURE:0cxx_binary_literals
    Feature record: CXX_FEATURE:0cxx_constexpr
    Feature record: CXX_FEATURE:0cxx_contextual_conversions
    Feature record: CXX_FEATURE:0cxx_decltype
    Feature record: CXX_FEATURE:0cxx_decltype_auto
    Feature record: CXX_FEATURE:0cxx_decltype_incomplete_return_types
    Feature record: CXX_FEATURE:0cxx_default_function_template_args
    Feature record: CXX_FEATURE:0cxx_defaulted_functions
    Feature record: CXX_FEATURE:0cxx_defaulted_move_initializers
    Feature record: CXX_FEATURE:0cxx_delegating_constructors
    Feature record: CXX_FEATURE:0cxx_deleted_functions
    Feature record: CXX_FEATURE:0cxx_digit_separators
    Feature record: CXX_FEATURE:0cxx_enum_forward_declarations
    Feature record: CXX_FEATURE:0cxx_explicit_conversions
    Feature record: CXX_FEATURE:0cxx_extended_friend_declarations
    Feature record: CXX_FEATURE:0cxx_extern_templates
    Feature record: CXX_FEATURE:0cxx_final
    Feature record: CXX_FEATURE:0cxx_func_identifier
    Feature record: CXX_FEATURE:0cxx_generalized_initializers
    Feature record: CXX_FEATURE:0cxx_generic_lambdas
    Feature record: CXX_FEATURE:0cxx_inheriting_constructors
    Feature record: CXX_FEATURE:0cxx_inline_namespaces
    Feature record: CXX_FEATURE:0cxx_lambdas
    Feature record: CXX_FEATURE:0cxx_lambda_init_captures
    Feature record: CXX_FEATURE:0cxx_local_type_template_args
    Feature record: CXX_FEATURE:0cxx_long_long_type
    Feature record: CXX_FEATURE:0cxx_noexcept
    Feature record: CXX_FEATURE:0cxx_nonstatic_member_init
    Feature record: CXX_FEATURE:0cxx_nullptr
    Feature record: CXX_FEATURE:0cxx_override
    Feature record: CXX_FEATURE:0cxx_range_for
    Feature record: CXX_FEATURE:0cxx_raw_string_literals
    Feature record: CXX_FEATURE:0cxx_reference_qualified_functions
    Feature record: CXX_FEATURE:0cxx_relaxed_constexpr
    Feature record: CXX_FEATURE:0cxx_return_type_deduction
    Feature record: CXX_FEATURE:0cxx_right_angle_brackets
    Feature record: CXX_FEATURE:0cxx_rvalue_references
    Feature record: CXX_FEATURE:0cxx_sizeof_member
    Feature record: CXX_FEATURE:0cxx_static_assert
    Feature record: CXX_FEATURE:0cxx_strong_enums
    Feature record: CXX_FEATURE:1cxx_template_template_parameters
    Feature record: CXX_FEATURE:0cxx_thread_local
    Feature record: CXX_FEATURE:0cxx_trailing_return_types
    Feature record: CXX_FEATURE:0cxx_unicode_literals
    Feature record: CXX_FEATURE:0cxx_uniform_initialization
    Feature record: CXX_FEATURE:0cxx_unrestricted_unions
    Feature record: CXX_FEATURE:0cxx_user_literals
    Feature record: CXX_FEATURE:0cxx_variable_templates
    Feature record: CXX_FEATURE:0cxx_variadic_macros
    Feature record: CXX_FEATURE:0cxx_variadic_templates
Determining if the include file clocale exists passed with the following output:
Change Dir: /home/anpbarr/jsoncpp-master/build/debug/CMakeFiles/CMakeTmp

Run Build Command:"/usr/bin/make.exe" "cmTC_4af7e/fast"
/usr/bin/make -f CMakeFiles/cmTC_4af7e.dir/build.make CMakeFiles/cmTC_4af7e.dir/build
make[1]: Entering directory '/home/anpbarr/jsoncpp-master/build/debug/CMakeFiles/CMakeTmp'
Building CXX object CMakeFiles/cmTC_4af7e.dir/CheckIncludeFile.cxx.o
/usr/bin/c++.exe     -Wall -Wconversion -Wshadow -Wextra -pedantic -Werror=strict-aliasing    -o CMakeFiles/cmTC_4af7e.dir/CheckIncludeFile.cxx.o -c /home/anpbarr/jsoncpp-master/build/debug/CMakeFiles/CMakeTmp/CheckIncludeFile.cxx
Linking CXX executable cmTC_4af7e.exe
/usr/bin/cmake.exe -E cmake_link_script CMakeFiles/cmTC_4af7e.dir/link.txt --verbose=1
/usr/bin/c++.exe   -Wall -Wconversion -Wshadow -Wextra -pedantic -Werror=strict-aliasing   -Wl,--enable-auto-import  CMakeFiles/cmTC_4af7e.dir/CheckIncludeFile.cxx.o  -o cmTC_4af7e.exe -Wl,--out-implib,libcmTC_4af7e.dll.a -Wl,--major-image-version,0,--minor-image-version,0  
make[1]: Leaving directory '/home/anpbarr/jsoncpp-master/build/debug/CMakeFiles/CMakeTmp'


Determining if the localeconv exist passed with the following output:
Change Dir: /home/anpbarr/jsoncpp-master/build/debug/CMakeFiles/CMakeTmp

Run Build Command:"/usr/bin/make.exe" "cmTC_ef39d/fast"
/usr/bin/make -f CMakeFiles/cmTC_ef39d.dir/build.make CMakeFiles/cmTC_ef39d.dir/build
make[1]: Entering directory '/home/anpbarr/jsoncpp-master/build/debug/CMakeFiles/CMakeTmp'
Building CXX object CMakeFiles/cmTC_ef39d.dir/CheckSymbolExists.cxx.o
/usr/bin/c++.exe     -Wall -Wconversion -Wshadow -Wextra -pedantic -Werror=strict-aliasing    -o CMakeFiles/cmTC_ef39d.dir/CheckSymbolExists.cxx.o -c /home/anpbarr/jsoncpp-master/build/debug/CMakeFiles/CMakeTmp/CheckSymbolExists.cxx
Linking CXX executable cmTC_ef39d.exe
/usr/bin/cmake.exe -E cmake_link_script CMakeFiles/cmTC_ef39d.dir/link.txt --verbose=1
/usr/bin/c++.exe   -Wall -Wconversion -Wshadow -Wextra -pedantic -Werror=strict-aliasing   -Wl,--enable-auto-import  CMakeFiles/cmTC_ef39d.dir/CheckSymbolExists.cxx.o  -o cmTC_ef39d.exe -Wl,--out-implib,libcmTC_ef39d.dll.a -Wl,--major-image-version,0,--minor-image-version,0  
make[1]: Leaving directory '/home/anpbarr/jsoncpp-master/build/debug/CMakeFiles/CMakeTmp'

File /home/anpbarr/jsoncpp-master/build/debug/CMakeFiles/CMakeTmp/CheckSymbolExists.cxx:
/* */
#include <clocale>

int main(int argc, char** argv)
{
  (void)argv;
#ifndef localeconv
  return ((int*)(&localeconv))[argc];
#else
  (void)argc;
  return 0;
#endif
}

Determining if the include file sys/types.h exists passed with the following output:
Change Dir: /home/anpbarr/jsoncpp-master/build/debug/CMakeFiles/CMakeTmp

Run Build Command:"/usr/bin/make.exe" "cmTC_4caf8/fast"
/usr/bin/make -f CMakeFiles/cmTC_4caf8.dir/build.make CMakeFiles/cmTC_4caf8.dir/build
make[1]: Entering directory '/home/anpbarr/jsoncpp-master/build/debug/CMakeFiles/CMakeTmp'
Building CXX object CMakeFiles/cmTC_4caf8.dir/CheckIncludeFile.cxx.o
/usr/bin/c++.exe     -Wall -Wconversion -Wshadow -Wextra -pedantic -Werror=strict-aliasing    -o CMakeFiles/cmTC_4caf8.dir/CheckIncludeFile.cxx.o -c /home/anpbarr/jsoncpp-master/build/debug/CMakeFiles/CMakeTmp/CheckIncludeFile.cxx
Linking CXX executable cmTC_4caf8.exe
/usr/bin/cmake.exe -E cmake_link_script CMakeFiles/cmTC_4caf8.dir/link.txt --verbose=1
/usr/bin/c++.exe   -Wall -Wconversion -Wshadow -Wextra -pedantic -Werror=strict-aliasing   -Wl,--enable-auto-import  CMakeFiles/cmTC_4caf8.dir/CheckIncludeFile.cxx.o  -o cmTC_4caf8.exe -Wl,--out-implib,libcmTC_4caf8.dll.a -Wl,--major-image-version,0,--minor-image-version,0  
make[1]: Leaving directory '/home/anpbarr/jsoncpp-master/build/debug/CMakeFiles/CMakeTmp'


Determining if the include file stdint.h exists passed with the following output:
Change Dir: /home/anpbarr/jsoncpp-master/build/debug/CMakeFiles/CMakeTmp

Run Build Command:"/usr/bin/make.exe" "cmTC_a708d/fast"
/usr/bin/make -f CMakeFiles/cmTC_a708d.dir/build.make CMakeFiles/cmTC_a708d.dir/build
make[1]: Entering directory '/home/anpbarr/jsoncpp-master/build/debug/CMakeFiles/CMakeTmp'
Building CXX object CMakeFiles/cmTC_a708d.dir/CheckIncludeFile.cxx.o
/usr/bin/c++.exe     -Wall -Wconversion -Wshadow -Wextra -pedantic -Werror=strict-aliasing    -o CMakeFiles/cmTC_a708d.dir/CheckIncludeFile.cxx.o -c /home/anpbarr/jsoncpp-master/build/debug/CMakeFiles/CMakeTmp/CheckIncludeFile.cxx
Linking CXX executable cmTC_a708d.exe
/usr/bin/cmake.exe -E cmake_link_script CMakeFiles/cmTC_a708d.dir/link.txt --verbose=1
/usr/bin/c++.exe   -Wall -Wconversion -Wshadow -Wextra -pedantic -Werror=strict-aliasing   -Wl,--enable-auto-import  CMakeFiles/cmTC_a708d.dir/CheckIncludeFile.cxx.o  -o cmTC_a708d.exe -Wl,--out-implib,libcmTC_a708d.dll.a -Wl,--major-image-version,0,--minor-image-version,0  
make[1]: Leaving directory '/home/anpbarr/jsoncpp-master/build/debug/CMakeFiles/CMakeTmp'


Determining if the include file stddef.h exists passed with the following output:
Change Dir: /home/anpbarr/jsoncpp-master/build/debug/CMakeFiles/CMakeTmp

Run Build Command:"/usr/bin/make.exe" "cmTC_61f0d/fast"
/usr/bin/make -f CMakeFiles/cmTC_61f0d.dir/build.make CMakeFiles/cmTC_61f0d.dir/build
make[1]: Entering directory '/home/anpbarr/jsoncpp-master/build/debug/CMakeFiles/CMakeTmp'
Building CXX object CMakeFiles/cmTC_61f0d.dir/CheckIncludeFile.cxx.o
/usr/bin/c++.exe     -Wall -Wconversion -Wshadow -Wextra -pedantic -Werror=strict-aliasing    -o CMakeFiles/cmTC_61f0d.dir/CheckIncludeFile.cxx.o -c /home/anpbarr/jsoncpp-master/build/debug/CMakeFiles/CMakeTmp/CheckIncludeFile.cxx
Linking CXX executable cmTC_61f0d.exe
/usr/bin/cmake.exe -E cmake_link_script CMakeFiles/cmTC_61f0d.dir/link.txt --verbose=1
/usr/bin/c++.exe   -Wall -Wconversion -Wshadow -Wextra -pedantic -Werror=strict-aliasing   -Wl,--enable-auto-import  CMakeFiles/cmTC_61f0d.dir/CheckIncludeFile.cxx.o  -o cmTC_61f0d.exe -Wl,--out-implib,libcmTC_61f0d.dll.a -Wl,--major-image-version,0,--minor-image-version,0  
make[1]: Leaving directory '/home/anpbarr/jsoncpp-master/build/debug/CMakeFiles/CMakeTmp'


Determining size of lconv passed with the following output:
Change Dir: /home/anpbarr/jsoncpp-master/build/debug/CMakeFiles/CMakeTmp

Run Build Command:"/usr/bin/make.exe" "cmTC_53d82/fast"
/usr/bin/make -f CMakeFiles/cmTC_53d82.dir/build.make CMakeFiles/cmTC_53d82.dir/build
make[1]: Entering directory '/home/anpbarr/jsoncpp-master/build/debug/CMakeFiles/CMakeTmp'
Building CXX object CMakeFiles/cmTC_53d82.dir/LCONV_SIZE.cpp.o
/usr/bin/c++.exe     -Wall -Wconversion -Wshadow -Wextra -pedantic -Werror=strict-aliasing    -o CMakeFiles/cmTC_53d82.dir/LCONV_SIZE.cpp.o -c /home/anpbarr/jsoncpp-master/build/debug/CMakeFiles/CheckTypeSize/LCONV_SIZE.cpp
Linking CXX executable cmTC_53d82.exe
/usr/bin/cmake.exe -E cmake_link_script CMakeFiles/cmTC_53d82.dir/link.txt --verbose=1
/usr/bin/c++.exe   -Wall -Wconversion -Wshadow -Wextra -pedantic -Werror=strict-aliasing   -Wl,--enable-auto-import  CMakeFiles/cmTC_53d82.dir/LCONV_SIZE.cpp.o  -o cmTC_53d82.exe -Wl,--out-implib,libcmTC_53d82.dll.a -Wl,--major-image-version,0,--minor-image-version,0  
make[1]: Leaving directory '/home/anpbarr/jsoncpp-master/build/debug/CMakeFiles/CMakeTmp'


Performing C++ SOURCE FILE Test HAVE_DECIMAL_POINT succeeded with the following output:
Change Dir: /home/anpbarr/jsoncpp-master/build/debug/CMakeFiles/CMakeTmp

Run Build Command:"/usr/bin/make.exe" "cmTC_7d58a/fast"
/usr/bin/make -f CMakeFiles/cmTC_7d58a.dir/build.make CMakeFiles/cmTC_7d58a.dir/build
make[1]: Entering directory '/home/anpbarr/jsoncpp-master/build/debug/CMakeFiles/CMakeTmp'
Building CXX object CMakeFiles/cmTC_7d58a.dir/src.cxx.o
/usr/bin/c++.exe     -Wall -Wconversion -Wshadow -Wextra -pedantic -Werror=strict-aliasing -DHAVE_DECIMAL_POINT   -o CMakeFiles/cmTC_7d58a.dir/src.cxx.o -c /home/anpbarr/jsoncpp-master/build/debug/CMakeFiles/CMakeTmp/src.cxx
Linking CXX executable cmTC_7d58a.exe
/usr/bin/cmake.exe -E cmake_link_script CMakeFiles/cmTC_7d58a.dir/link.txt --verbose=1
/usr/bin/c++.exe   -Wall -Wconversion -Wshadow -Wextra -pedantic -Werror=strict-aliasing -DHAVE_DECIMAL_POINT  -Wl,--enable-auto-import  CMakeFiles/cmTC_7d58a.dir/src.cxx.o  -o cmTC_7d58a.exe -Wl,--out-implib,libcmTC_7d58a.dll.a -Wl,--major-image-version,0,--minor-image-version,0  
make[1]: Leaving directory '/home/anpbarr/jsoncpp-master/build/debug/CMakeFiles/CMakeTmp'

Source file was:

#include <clocale>

int main()
{
   (void)sizeof(((lconv *)0)->decimal_point);
   return 0;
}

